<?xml version="1.0" encoding="UTF-8"?>
<!-- Generated by org.testng.reporters.JUnitXMLReporter -->
<testsuite hostname="Jayashrees-MacBook-Air.local" ignored="0" name="Default test" tests="4" failures="0" timestamp="2021-01-13T16:59:45 IST" time="32.665" errors="0">
  <testcase name="base1PageNavigation" time="9.933" classname="MavenE2EJayashree.E2EProject.HomePage"/>
  <testcase name="base1PageNavigation" time="7.04" classname="MavenE2EJayashree.E2EProject.HomePage"/>
  <testcase name="base1PageNavigation" time="5.983" classname="MavenE2EJayashree.E2EProject.HomePage"/>
  <testcase name="base1PageNavigation" time="5.143" classname="MavenE2EJayashree.E2EProject.HomePage"/>
</testsuite> <!-- Default test -->
