<?xml version="1.0" encoding="UTF-8"?>
<!-- Generated by org.testng.reporters.JUnitXMLReporter -->
<testsuite hostname="Jayashrees-MacBook-Air.local" ignored="0" name="Clicking forgotPassword" tests="1" failures="0" timestamp="2020-12-05T19:12:46 IST" time="0.019" errors="0">
  <testcase name="@BeforeTest intializenewdriver" time="0.001" classname="MavenE2EJayashree.E2EProject.navigate_to_forgotPassword_Page">
    <failure type="java.lang.NullPointerException">
      <![CDATA[java.lang.NullPointerException
at resources.Base.initializedriver(Base.java:60)
at MavenE2EJayashree.E2EProject.navigate_to_forgotPassword_Page.intializenewdriver(navigate_to_forgotPassword_Page.java:27)
... Removed 24 stack frames]]>
    </failure>
  </testcase> <!-- @BeforeTest intializenewdriver -->
  <testcase name="@AfterTest tearDown" time="-1.607175766507E9" classname="MavenE2EJayashree.E2EProject.navigate_to_forgotPassword_Page">
    <skipped/>
  </testcase> <!-- @AfterTest tearDown -->
  <testcase name="access_Fgtpwd_link" time="0.0" classname="MavenE2EJayashree.E2EProject.navigate_to_forgotPassword_Page">
    <skipped/>
  </testcase> <!-- access_Fgtpwd_link -->
</testsuite> <!-- Clicking forgotPassword -->
