<?xml version="1.0" encoding="UTF-8"?>
<!-- Generated by org.testng.reporters.JUnitXMLReporter -->
<testsuite hostname="Jayashrees-MacBook-Air.local" ignored="0" name="Test" tests="4" failures="0" timestamp="2020-11-19T20:14:31 IST" time="31.734" errors="0">
  <testcase name="basePageNavigation" time="8.721" classname="MavenE2EJayashree.E2EProject.HomePage"/>
  <testcase name="basePageNavigation" time="5.856" classname="MavenE2EJayashree.E2EProject.HomePage"/>
  <testcase name="basePageNavigation" time="5.795" classname="MavenE2EJayashree.E2EProject.HomePage"/>
  <testcase name="basePageNavigation" time="6.647" classname="MavenE2EJayashree.E2EProject.HomePage"/>
</testsuite> <!-- Test -->
