<?xml version="1.0" encoding="UTF-8"?>
<!-- Generated by org.testng.reporters.JUnitXMLReporter -->
<testsuite hostname="Jayashrees-MacBook-Air.local" ignored="0" name="Validating Title" tests="3" failures="0" timestamp="2020-12-05T19:12:46 IST" time="0.032" errors="0">
  <testcase name="@BeforeTest initializeDriver" time="0.003" classname="MavenE2EJayashree.E2EProject.HomePage2">
    <failure type="java.lang.NullPointerException">
      <![CDATA[java.lang.NullPointerException
at resources.Base.initializedriver(Base.java:60)
at MavenE2EJayashree.E2EProject.HomePage2.initializeDriver(HomePage2.java:33)
... Removed 24 stack frames]]>
    </failure>
  </testcase> <!-- @BeforeTest initializeDriver -->
  <testcase name="@AfterTest tearDown" time="-1.607175766449E9" classname="MavenE2EJayashree.E2EProject.HomePage2">
    <skipped/>
  </testcase> <!-- @AfterTest tearDown -->
  <testcase name="basehomePageNavigation" time="0.0" classname="MavenE2EJayashree.E2EProject.HomePage2">
    <skipped/>
  </testcase> <!-- basehomePageNavigation -->
  <testcase name="linkDisplay" time="0.0" classname="MavenE2EJayashree.E2EProject.HomePage2">
    <skipped/>
  </testcase> <!-- linkDisplay -->
  <testcase name="textSwitch" time="0.0" classname="MavenE2EJayashree.E2EProject.HomePage2">
    <skipped/>
  </testcase> <!-- textSwitch -->
</testsuite> <!-- Validating Title -->
