<?xml version="1.0" encoding="UTF-8"?>
<!-- Generated by org.testng.reporters.JUnitXMLReporter -->
<testsuite hostname="Jayashrees-MacBook-Air.local" ignored="0" name="Validating logIn" tests="4" failures="0" timestamp="2020-12-05T19:12:45 IST" time="0.111" errors="0">
  <testcase name="@BeforeTest initDriver" time="0.016" classname="MavenE2EJayashree.E2EProject.HomePage">
    <failure type="java.lang.NullPointerException">
      <![CDATA[java.lang.NullPointerException
at resources.Base.initializedriver(Base.java:60)
at MavenE2EJayashree.E2EProject.HomePage.initDriver(HomePage.java:28)
... Removed 24 stack frames]]>
    </failure>
  </testcase> <!-- @BeforeTest initDriver -->
  <testcase name="@AfterTest tearDown" time="-1.607175765869E9" classname="MavenE2EJayashree.E2EProject.HomePage">
    <skipped/>
  </testcase> <!-- @AfterTest tearDown -->
  <testcase name="base1PageNavigation" time="0.0" classname="MavenE2EJayashree.E2EProject.HomePage">
    <skipped/>
  </testcase> <!-- base1PageNavigation -->
  <testcase name="base1PageNavigation" time="0.0" classname="MavenE2EJayashree.E2EProject.HomePage">
    <skipped/>
  </testcase> <!-- base1PageNavigation -->
  <testcase name="base1PageNavigation" time="0.0" classname="MavenE2EJayashree.E2EProject.HomePage">
    <skipped/>
  </testcase> <!-- base1PageNavigation -->
  <testcase name="base1PageNavigation" time="0.0" classname="MavenE2EJayashree.E2EProject.HomePage">
    <skipped/>
  </testcase> <!-- base1PageNavigation -->
</testsuite> <!-- Validating logIn -->
